<?xml version="1.0" encoding="UTF-8"?>
<testsuite xmlns:xsi="http://www.w3.org/2001/XMLSchema-instance" xsi:noNamespaceSchemaLocation="https://maven.apache.org/surefire/maven-surefire-plugin/xsd/surefire-test-report.xsd" name="com.chz.Myblog1ApplicationTests" time="4.102" tests="2" errors="0" skipped="0" failures="0">
  <properties>
[...]
</properties>
  <testcase name="go" classname="com.chz.Myblog1ApplicationTests" time="0.672"/>
  <testcase name="contextLoads" classname="com.chz.Myblog1ApplicationTests" time="0"/>
</testsuite>